<?xml version="1.0" encoding="UTF-8"?>
<testsuite name="uitests.LoginTest" tests="1" skipped="0" failures="0" errors="0" timestamp="2021-07-21T11:29:39" hostname="OLVOLKOVA-NB" time="5.404">
  <properties/>
  <testcase name="loginWithValidKeys" classname="uitests.LoginTest" time="5.404"/>
  <system-out><![CDATA[]]></system-out>
  <system-err><![CDATA[Starting ChromeDriver 91.0.4472.101 (af52a90bf87030dd1523486a1cd3ae25c5d76c9b-refs/branch-heads/4472@{#1462}) on port 55088
Only local connections are allowed.
Please see https://chromedriver.chromium.org/security-considerations for suggestions on keeping ChromeDriver safe.
ChromeDriver was started successfully.
]]></system-err>
</testsuite>
